----------

Sun Apr 16 2023 20:47:17 GMT+0100 (British Summer Time)




----------

Sun Apr 16 2023 20:47:17 GMT+0100 (British Summer Time)

Unhandled Exception: 

----------

Sun Apr 16 2023 20:47:17 GMT+0100 (British Summer Time)

System.ComponentModel.Win32Exception: Invalid window handle
   at MS.Win32.ManagedWndProcTracker.HookUpDefWindowProc(IntPtr hwnd)
   at MS.Win32.ManagedWndProcTracker.OnAppDomainProcessExit()
   at MS.Internal.ShutDownListener.HandleShutDown(Object sender, EventArgs e)


----------

Sun Apr 16 2023 20:47:18 GMT+0100 (British Summer Time)

fatal: helper error (-1): authentication prompt was canceled


----------

Sun Apr 16 2023 20:47:18 GMT+0100 (British Summer Time)

bash: /dev/tty: No such device or address


----------

Sun Apr 16 2023 20:47:18 GMT+0100 (British Summer Time)

error: failed to execute prompt script (exit code 1)
fatal: could not read Username for 'https://github.com': No such file or directory


